Traceback (most recent call last):
  File "/home/julian/.local/lib/python3.10/site-packages/jupyter_cache/executors/utils.py", line 51, in single_nb_execution
    executenb(
  File "/home/julian/.local/lib/python3.10/site-packages/nbclient/client.py", line 1204, in execute
    return NotebookClient(nb=nb, resources=resources, km=km, **kwargs).execute()
  File "/home/julian/.local/lib/python3.10/site-packages/nbclient/util.py", line 84, in wrapped
    return just_run(coro(*args, **kwargs))
  File "/home/julian/.local/lib/python3.10/site-packages/nbclient/util.py", line 62, in just_run
    return loop.run_until_complete(coro)
  File "/usr/lib/python3.10/asyncio/base_events.py", line 649, in run_until_complete
    return future.result()
  File "/home/julian/.local/lib/python3.10/site-packages/nbclient/client.py", line 663, in async_execute
    await self.async_execute_cell(
  File "/home/julian/.local/lib/python3.10/site-packages/nbclient/client.py", line 965, in async_execute_cell
    await self._check_raise_for_error(cell, cell_index, exec_reply)
  File "/home/julian/.local/lib/python3.10/site-packages/nbclient/client.py", line 862, in _check_raise_for_error
    raise CellExecutionError.from_cell_and_msg(cell, exec_reply_content)
nbclient.exceptions.CellExecutionError: An error occurred while executing the following cell:
------------------
## Fragen
- Die hier verwendete Version des Multiple-Choice-Trainers von EILD.nrw wird über GitHub-Pages gehostet und in das Skript eingebunden.  
- Alle Fragen und Kategorien befinden sich zurzeit in Überarbeitung und sind nicht final. 
- Für den vollen Funktionsumfang wird empfohlen einen auf Firefox basierten Browser zu nutzen.
------------------

[0;36m  Input [0;32mIn [1][0;36m[0m
[0;31m    - Die hier verwendete Version des Multiple-Choice-Trainers von EILD.nrw wird über GitHub-Pages gehostet und in das Skript eingebunden.[0m
[0m          ^[0m
[0;31mSyntaxError[0m[0;31m:[0m invalid syntax

SyntaxError: invalid syntax (1769297978.py, line 2)

